2015/05/29 04:17:48 [error] [php] Array to string conversion (/opt/lampp/htdocs/www/cms/protected/controllers/AdmUsuarioTipoController.php:185)
Stack trace:
#0 /opt/lampp/htdocs/www/yii_cms/framework/web/actions/CInlineAction.php(47): CInlineAction->runWithParamsInternal()
#1 /opt/lampp/htdocs/www/yii_cms/framework/web/CController.php(308): CInlineAction->runWithParams()
#2 /opt/lampp/htdocs/www/yii_cms/framework/web/filters/CFilterChain.php(133): AdmUsuarioTipoController->runAction()
#3 /opt/lampp/htdocs/www/yii_cms/framework/web/CController.php(1116): CFilterChain->run()
#4 /opt/lampp/htdocs/www/yii_cms/framework/web/filters/CInlineFilter.php(58): AdmUsuarioTipoController->filterPostOnly()
#5 /opt/lampp/htdocs/www/yii_cms/framework/web/filters/CFilterChain.php(130): CInlineFilter->filter()
#6 /opt/lampp/htdocs/www/yii_cms/framework/web/filters/CFilter.php(40): CFilterChain->run()
#7 /opt/lampp/htdocs/www/yii_cms/framework/web/CController.php(1145): CAccessControlFilter->filter()
#8 /opt/lampp/htdocs/www/yii_cms/framework/web/filters/CInlineFilter.php(58): AdmUsuarioTipoController->filterAccessControl()
#9 /opt/lampp/htdocs/www/yii_cms/framework/web/filters/CFilterChain.php(130): CInlineFilter->filter()
#10 /opt/lampp/htdocs/www/yii_cms/framework/web/CController.php(291): CFilterChain->run()
#11 /opt/lampp/htdocs/www/yii_cms/framework/web/CController.php(265): AdmUsuarioTipoController->runActionWithFilters()
#12 /opt/lampp/htdocs/www/yii_cms/framework/web/CWebApplication.php(282): AdmUsuarioTipoController->run()
#13 /opt/lampp/htdocs/www/yii_cms/framework/web/CWebApplication.php(141): CWebApplication->runController()
#14 /opt/lampp/htdocs/www/yii_cms/framework/base/CApplication.php(184): CWebApplication->processRequest()
#15 /opt/lampp/htdocs/www/cms/index.php(18): CWebApplication->run()
REQUEST_URI=/www/cms/AdmUsuarioTipo/delete
in /opt/lampp/htdocs/www/cms/protected/controllers/AdmUsuarioTipoController.php (185)
in /opt/lampp/htdocs/www/cms/index.php (18)
2015/05/29 04:19:34 [error] [php] Array to string conversion (/opt/lampp/htdocs/www/cms/protected/controllers/AdmUsuarioTipoController.php:182)
Stack trace:
#0 /opt/lampp/htdocs/www/yii_cms/framework/web/actions/CInlineAction.php(47): CInlineAction->runWithParamsInternal()
#1 /opt/lampp/htdocs/www/yii_cms/framework/web/CController.php(308): CInlineAction->runWithParams()
#2 /opt/lampp/htdocs/www/yii_cms/framework/web/filters/CFilterChain.php(133): AdmUsuarioTipoController->runAction()
#3 /opt/lampp/htdocs/www/yii_cms/framework/web/CController.php(1116): CFilterChain->run()
#4 /opt/lampp/htdocs/www/yii_cms/framework/web/filters/CInlineFilter.php(58): AdmUsuarioTipoController->filterPostOnly()
#5 /opt/lampp/htdocs/www/yii_cms/framework/web/filters/CFilterChain.php(130): CInlineFilter->filter()
#6 /opt/lampp/htdocs/www/yii_cms/framework/web/filters/CFilter.php(40): CFilterChain->run()
#7 /opt/lampp/htdocs/www/yii_cms/framework/web/CController.php(1145): CAccessControlFilter->filter()
#8 /opt/lampp/htdocs/www/yii_cms/framework/web/filters/CInlineFilter.php(58): AdmUsuarioTipoController->filterAccessControl()
#9 /opt/lampp/htdocs/www/yii_cms/framework/web/filters/CFilterChain.php(130): CInlineFilter->filter()
#10 /opt/lampp/htdocs/www/yii_cms/framework/web/CController.php(291): CFilterChain->run()
#11 /opt/lampp/htdocs/www/yii_cms/framework/web/CController.php(265): AdmUsuarioTipoController->runActionWithFilters()
#12 /opt/lampp/htdocs/www/yii_cms/framework/web/CWebApplication.php(282): AdmUsuarioTipoController->run()
#13 /opt/lampp/htdocs/www/yii_cms/framework/web/CWebApplication.php(141): CWebApplication->runController()
#14 /opt/lampp/htdocs/www/yii_cms/framework/base/CApplication.php(184): CWebApplication->processRequest()
#15 /opt/lampp/htdocs/www/cms/index.php(18): CWebApplication->run()
REQUEST_URI=/www/cms/AdmUsuarioTipo/delete
in /opt/lampp/htdocs/www/cms/protected/controllers/AdmUsuarioTipoController.php (182)
in /opt/lampp/htdocs/www/cms/index.php (18)
2015/05/29 04:19:37 [error] [php] Array to string conversion (/opt/lampp/htdocs/www/cms/protected/controllers/AdmUsuarioTipoController.php:182)
Stack trace:
#0 /opt/lampp/htdocs/www/yii_cms/framework/web/actions/CInlineAction.php(47): CInlineAction->runWithParamsInternal()
#1 /opt/lampp/htdocs/www/yii_cms/framework/web/CController.php(308): CInlineAction->runWithParams()
#2 /opt/lampp/htdocs/www/yii_cms/framework/web/filters/CFilterChain.php(133): AdmUsuarioTipoController->runAction()
#3 /opt/lampp/htdocs/www/yii_cms/framework/web/CController.php(1116): CFilterChain->run()
#4 /opt/lampp/htdocs/www/yii_cms/framework/web/filters/CInlineFilter.php(58): AdmUsuarioTipoController->filterPostOnly()
#5 /opt/lampp/htdocs/www/yii_cms/framework/web/filters/CFilterChain.php(130): CInlineFilter->filter()
#6 /opt/lampp/htdocs/www/yii_cms/framework/web/filters/CFilter.php(40): CFilterChain->run()
#7 /opt/lampp/htdocs/www/yii_cms/framework/web/CController.php(1145): CAccessControlFilter->filter()
#8 /opt/lampp/htdocs/www/yii_cms/framework/web/filters/CInlineFilter.php(58): AdmUsuarioTipoController->filterAccessControl()
#9 /opt/lampp/htdocs/www/yii_cms/framework/web/filters/CFilterChain.php(130): CInlineFilter->filter()
#10 /opt/lampp/htdocs/www/yii_cms/framework/web/CController.php(291): CFilterChain->run()
#11 /opt/lampp/htdocs/www/yii_cms/framework/web/CController.php(265): AdmUsuarioTipoController->runActionWithFilters()
#12 /opt/lampp/htdocs/www/yii_cms/framework/web/CWebApplication.php(282): AdmUsuarioTipoController->run()
#13 /opt/lampp/htdocs/www/yii_cms/framework/web/CWebApplication.php(141): CWebApplication->runController()
#14 /opt/lampp/htdocs/www/yii_cms/framework/base/CApplication.php(184): CWebApplication->processRequest()
#15 /opt/lampp/htdocs/www/cms/index.php(18): CWebApplication->run()
REQUEST_URI=/www/cms/AdmUsuarioTipo/delete
in /opt/lampp/htdocs/www/cms/protected/controllers/AdmUsuarioTipoController.php (182)
in /opt/lampp/htdocs/www/cms/index.php (18)
2015/05/29 04:20:41 [error] [php] Array to string conversion (/opt/lampp/htdocs/www/cms/protected/controllers/AdmUsuarioTipoController.php:185)
Stack trace:
#0 /opt/lampp/htdocs/www/yii_cms/framework/web/actions/CInlineAction.php(47): CInlineAction->runWithParamsInternal()
#1 /opt/lampp/htdocs/www/yii_cms/framework/web/CController.php(308): CInlineAction->runWithParams()
#2 /opt/lampp/htdocs/www/yii_cms/framework/web/filters/CFilterChain.php(133): AdmUsuarioTipoController->runAction()
#3 /opt/lampp/htdocs/www/yii_cms/framework/web/CController.php(1116): CFilterChain->run()
#4 /opt/lampp/htdocs/www/yii_cms/framework/web/filters/CInlineFilter.php(58): AdmUsuarioTipoController->filterPostOnly()
#5 /opt/lampp/htdocs/www/yii_cms/framework/web/filters/CFilterChain.php(130): CInlineFilter->filter()
#6 /opt/lampp/htdocs/www/yii_cms/framework/web/filters/CFilter.php(40): CFilterChain->run()
#7 /opt/lampp/htdocs/www/yii_cms/framework/web/CController.php(1145): CAccessControlFilter->filter()
#8 /opt/lampp/htdocs/www/yii_cms/framework/web/filters/CInlineFilter.php(58): AdmUsuarioTipoController->filterAccessControl()
#9 /opt/lampp/htdocs/www/yii_cms/framework/web/filters/CFilterChain.php(130): CInlineFilter->filter()
#10 /opt/lampp/htdocs/www/yii_cms/framework/web/CController.php(291): CFilterChain->run()
#11 /opt/lampp/htdocs/www/yii_cms/framework/web/CController.php(265): AdmUsuarioTipoController->runActionWithFilters()
#12 /opt/lampp/htdocs/www/yii_cms/framework/web/CWebApplication.php(282): AdmUsuarioTipoController->run()
#13 /opt/lampp/htdocs/www/yii_cms/framework/web/CWebApplication.php(141): CWebApplication->runController()
#14 /opt/lampp/htdocs/www/yii_cms/framework/base/CApplication.php(184): CWebApplication->processRequest()
#15 /opt/lampp/htdocs/www/cms/index.php(18): CWebApplication->run()
REQUEST_URI=/www/cms/AdmUsuarioTipo/delete
in /opt/lampp/htdocs/www/cms/protected/controllers/AdmUsuarioTipoController.php (185)
in /opt/lampp/htdocs/www/cms/index.php (18)
